<?xml version="1.0" encoding="UTF-8"?>
<!-- Generated by org.testng.reporters.JUnitXMLReporter -->
<testsuite hostname="DESKTOP-LA17J7K" ignored="1" name="Car Loanapproval" tests="10" failures="0" timestamp="2020-01-31T05:15:58 EST" time="0.098" errors="0">
  <testcase name="mobileLoginHome" time="0.01" classname="Testcases.Carloan"/>
  <testcase name="demo" time="0.012" classname="Testcases.Test1"/>
  <testcase name="managerSection" time="0.015" classname="Testcases.Test3"/>
  <testcase name="mobileSigninHome" time="0.004" classname="Testcases.Carloan"/>
  <testcase name="webLoginCar" time="0.003" classname="Testcases.Carloan"/>
  <testcase name="went" time="0.005" classname="Testcases.Test4"/>
  <testcase name="mobileSignoutHome" time="0.002" classname="Testcases.Carloan"/>
  <testcase name="mobileSignoutHome" time="0.001" classname="Testcases.Carloan"/>
  <testcase name="mobileSignoutHome" time="0.002" classname="Testcases.Carloan"/>
  <testcase name="APILoginHome" time="0.002" classname="Testcases.Carloan"/>
  <testcase name="mobileLogoutHome" time="0.0" classname="Testcases.Carloan">
    <ignored/>
  </testcase> <!-- mobileLogoutHome -->
</testsuite> <!-- Car Loanapproval -->
