<?xml version="1.0" encoding="UTF-8"?>
<!-- Generated by org.testng.reporters.JUnitXMLReporter -->
<testsuite hostname="DESKTOP-LA17J7K" ignored="2" name="Home Loanapproval" tests="1" failures="0" timestamp="2020-01-31T05:15:58 EST" time="0.007" errors="0">
  <testcase name="APIloginHome" time="0.004" classname="Testcases.Homeloan"/>
  <testcase name="MobileLoginHome" time="0.0" classname="Testcases.Homeloan">
    <ignored/>
  </testcase> <!-- MobileLoginHome -->
  <testcase name="webLoginHome" time="0.0" classname="Testcases.Homeloan">
    <ignored/>
  </testcase> <!-- webLoginHome -->
</testsuite> <!-- Home Loanapproval -->
