<?xml version="1.0" encoding="UTF-8"?>
<!-- Generated by org.testng.reporters.JUnitXMLReporter -->
<testsuite hostname="DESKTOP-LA17J7K" ignored="8" name="Regression" tests="5" failures="0" timestamp="2020-01-30T22:25:12 EST" time="0.09" errors="0">
  <testcase name="demo2" time="0.017" classname="Testcases.Test1"/>
  <testcase name="managerSection" time="0.003" classname="Testcases.Test3"/>
  <testcase name="went" time="0.001" classname="Testcases.Test4"/>
  <testcase name="mobileSigninHome" time="0.002" classname="Testcases.Carloan"/>
  <testcase name="MobileLoginHome" time="0.002" classname="Testcases.Homeloan"/>
  <testcase name="webLoginCar" time="0.0" classname="Testcases.Carloan">
    <ignored/>
  </testcase> <!-- webLoginCar -->
  <testcase name="mobileSignoutHome" time="0.0" classname="Testcases.Carloan">
    <ignored/>
  </testcase> <!-- mobileSignoutHome -->
  <testcase name="mobileLogoutHome" time="0.0" classname="Testcases.Carloan">
    <ignored/>
  </testcase> <!-- mobileLogoutHome -->
  <testcase name="demo" time="0.0" classname="Testcases.Test1">
    <ignored/>
  </testcase> <!-- demo -->
  <testcase name="APILoginHome" time="0.0" classname="Testcases.Carloan">
    <ignored/>
  </testcase> <!-- APILoginHome -->
  <testcase name="APIloginHome" time="0.0" classname="Testcases.Homeloan">
    <ignored/>
  </testcase> <!-- APIloginHome -->
  <testcase name="webLoginHome" time="0.0" classname="Testcases.Homeloan">
    <ignored/>
  </testcase> <!-- webLoginHome -->
  <testcase name="mobileLoginHome" time="0.0" classname="Testcases.Carloan">
    <ignored/>
  </testcase> <!-- mobileLoginHome -->
</testsuite> <!-- Regression -->
