<?xml version="1.0" encoding="UTF-8"?>
<!-- Generated by org.testng.reporters.JUnitXMLReporter -->
<testsuite hostname="DESKTOP-LA17J7K" ignored="1" name="Car Loanapproval" tests="2" failures="0" timestamp="2020-01-27T15:27:05 EST" time="0.016" errors="0">
  <testcase name="restAPILoginHome" time="0.0" classname="Testcases.Carloan"/>
  <testcase name="webLoginCar" time="0.0" classname="Testcases.Carloan"/>
  <testcase name="mobileLoginHome" time="0.0" classname="Testcases.Carloan">
    <ignored/>
  </testcase> <!-- mobileLoginHome -->
</testsuite> <!-- Car Loanapproval -->
