<?xml version="1.0" encoding="UTF-8"?>
<!-- Generated by org.testng.reporters.JUnitXMLReporter -->
<testsuite hostname="DESKTOP-LA17J7K" ignored="0" name="Runtest" tests="9" failures="0" timestamp="2020-01-27T14:48:00 EST" time="0.1" errors="0">
  <testcase name="demo" time="0.016" classname="Testcases.Test1"/>
  <testcase name="demo2" time="0.0" classname="Testcases.Test1"/>
  <testcase name="demo3" time="0.0" classname="Testcases.Test2"/>
  <testcase name="mobileLoginHome" time="0.0" classname="Testcases.Carloan"/>
  <testcase name="restAPILoginHome" time="0.0" classname="Testcases.Carloan"/>
  <testcase name="webLoginCar" time="0.015" classname="Testcases.Carloan"/>
  <testcase name="MobileLoginHome" time="0.0" classname="Testcases.Homeloan"/>
  <testcase name="RestAPIloginHome" time="0.0" classname="Testcases.Homeloan"/>
  <testcase name="webLoginHome" time="0.0" classname="Testcases.Homeloan"/>
</testsuite> <!-- Runtest -->
